2022-07-18 00:55:46.573  INFO 81572 --- [restartedMain] com.money.api.MoneyApiApplication        : Starting MoneyApiApplication using Java 11.0.13 on Thiagos-MacBook-Air.local with PID 81572 (/Users/thiago/Documents/workspace-spring-tool-suite-4-4.13.0.RELEASE/projeto-pessoal/money-api/target/classes started by thiago in /Users/thiago/Documents/workspace-spring-tool-suite-4-4.13.0.RELEASE/projeto-pessoal/money-api)
2022-07-18 00:55:46.600  INFO 81572 --- [restartedMain] com.money.api.MoneyApiApplication        : No active profile set, falling back to 1 default profile: "default"
2022-07-18 00:55:46.657  INFO 81572 --- [restartedMain] .e.DevToolsPropertyDefaultsPostProcessor : Devtools property defaults active! Set 'spring.devtools.add-properties' to 'false' to disable
2022-07-18 00:55:46.658  INFO 81572 --- [restartedMain] .e.DevToolsPropertyDefaultsPostProcessor : For additional web related logging consider setting the 'logging.level.web' property to 'DEBUG'
2022-07-18 00:55:47.600  INFO 81572 --- [restartedMain] .s.d.r.c.RepositoryConfigurationDelegate : Bootstrapping Spring Data JPA repositories in DEFAULT mode.
2022-07-18 00:55:47.668  INFO 81572 --- [restartedMain] .s.d.r.c.RepositoryConfigurationDelegate : Finished Spring Data repository scanning in 62 ms. Found 4 JPA repository interfaces.
2022-07-18 00:55:48.631  INFO 81572 --- [restartedMain] o.s.b.w.embedded.tomcat.TomcatWebServer  : Tomcat initialized with port(s): 8080 (http)
2022-07-18 00:55:48.641  INFO 81572 --- [restartedMain] o.apache.catalina.core.StandardService   : Starting service [Tomcat]
2022-07-18 00:55:48.642  INFO 81572 --- [restartedMain] org.apache.catalina.core.StandardEngine  : Starting Servlet engine: [Apache Tomcat/9.0.60]
2022-07-18 00:55:48.744  INFO 81572 --- [restartedMain] o.a.c.c.C.[Tomcat].[localhost].[/]       : Initializing Spring embedded WebApplicationContext
2022-07-18 00:55:48.748  INFO 81572 --- [restartedMain] w.s.c.ServletWebServerApplicationContext : Root WebApplicationContext: initialization completed in 2090 ms
2022-07-18 00:55:48.936  INFO 81572 --- [restartedMain] com.zaxxer.hikari.HikariDataSource       : HikariPool-1 - Starting...
2022-07-18 00:55:49.117  INFO 81572 --- [restartedMain] com.zaxxer.hikari.HikariDataSource       : HikariPool-1 - Start completed.
2022-07-18 00:55:49.145  INFO 81572 --- [restartedMain] o.f.c.internal.license.VersionPrinter    : Flyway Community Edition 8.0.5 by Redgate
2022-07-18 00:55:49.146  INFO 81572 --- [restartedMain] o.f.c.i.database.base.BaseDatabaseType   : Database: jdbc:mysql://localhost/moneyapi (MySQL 8.0)
2022-07-18 00:55:49.254  INFO 81572 --- [restartedMain] o.f.core.internal.command.DbValidate     : Successfully validated 4 migrations (execution time 00:00.037s)
2022-07-18 00:55:49.272  INFO 81572 --- [restartedMain] o.f.core.internal.command.DbMigrate      : Current version of schema `moneyapi`: 04
2022-07-18 00:55:49.275  INFO 81572 --- [restartedMain] o.f.core.internal.command.DbMigrate      : Schema `moneyapi` is up to date. No migration necessary.
2022-07-18 00:55:49.359  INFO 81572 --- [restartedMain] o.hibernate.jpa.internal.util.LogHelper  : HHH000204: Processing PersistenceUnitInfo [name: default]
2022-07-18 00:55:49.393  INFO 81572 --- [restartedMain] org.hibernate.Version                    : HHH000412: Hibernate ORM core version 5.6.7.Final
2022-07-18 00:55:49.523  INFO 81572 --- [restartedMain] o.hibernate.annotations.common.Version   : HCANN000001: Hibernate Commons Annotations {5.1.2.Final}
2022-07-18 00:55:49.590  INFO 81572 --- [restartedMain] org.hibernate.dialect.Dialect            : HHH000400: Using dialect: org.hibernate.dialect.MySQL57Dialect
2022-07-18 00:55:50.182  INFO 81572 --- [restartedMain] o.h.e.t.j.p.i.JtaPlatformInitiator       : HHH000490: Using JtaPlatform implementation: [org.hibernate.engine.transaction.jta.platform.internal.NoJtaPlatform]
2022-07-18 00:55:50.189  INFO 81572 --- [restartedMain] j.LocalContainerEntityManagerFactoryBean : Initialized JPA EntityManagerFactory for persistence unit 'default'
2022-07-18 00:55:50.249  WARN 81572 --- [restartedMain] JpaBaseConfiguration$JpaWebConfiguration : spring.jpa.open-in-view is enabled by default. Therefore, database queries may be performed during view rendering. Explicitly configure spring.jpa.open-in-view to disable this warning
2022-07-18 00:55:50.784  WARN 81572 --- [restartedMain] o.s.s.o.p.t.s.JwtAccessTokenConverter    : Unable to create an RSA verifier from verifierKey (ignoreable if using MAC)
2022-07-18 00:55:51.040  INFO 81572 --- [restartedMain] o.s.s.web.DefaultSecurityFilterChain     : Will not secure Or [Ant [pattern='/oauth/token'], Ant [pattern='/oauth/token_key'], Ant [pattern='/oauth/check_token']]
2022-07-18 00:55:51.063  INFO 81572 --- [restartedMain] o.s.s.web.DefaultSecurityFilterChain     : Will not secure any request
2022-07-18 00:55:51.374  INFO 81572 --- [restartedMain] o.s.b.d.a.OptionalLiveReloadServer       : LiveReload server is running on port 35729
2022-07-18 00:55:51.414  INFO 81572 --- [restartedMain] o.s.b.w.embedded.tomcat.TomcatWebServer  : Tomcat started on port(s): 8080 (http) with context path ''
2022-07-18 00:55:51.424  INFO 81572 --- [restartedMain] com.money.api.MoneyApiApplication        : Started MoneyApiApplication in 5.329 seconds (JVM running for 6.605)
2022-07-18 00:55:59.890  INFO 81572 --- [http-nio-8080-exec-2] o.a.c.c.C.[Tomcat].[localhost].[/]       : Initializing Spring DispatcherServlet 'dispatcherServlet'
2022-07-18 00:55:59.893  INFO 81572 --- [http-nio-8080-exec-2] o.s.web.servlet.DispatcherServlet        : Initializing Servlet 'dispatcherServlet'
2022-07-18 00:55:59.902  INFO 81572 --- [http-nio-8080-exec-2] o.s.web.servlet.DispatcherServlet        : Completed initialization in 9 ms
2022-07-18 00:58:04.309  WARN 81572 --- [http-nio-8080-exec-10] .m.m.a.ExceptionHandlerExceptionResolver : Resolved [org.springframework.http.converter.HttpMessageNotReadableException: JSON parse error: Cannot deserialize value of type `java.time.LocalDate` from String "01/06/2011": Failed to deserialize java.time.LocalDate: (java.time.format.DateTimeParseException) Text '01/06/2011' could not be parsed at index 0; nested exception is com.fasterxml.jackson.databind.exc.InvalidFormatException: Cannot deserialize value of type `java.time.LocalDate` from String "01/06/2011": Failed to deserialize java.time.LocalDate: (java.time.format.DateTimeParseException) Text '01/06/2011' could not be parsed at index 0<EOL> at [Source: (org.springframework.util.StreamUtils$NonClosingInputStream); line: 4, column: 23] (through reference chain: com.money.api.model.Lancamento["dataVencimento"])]
2022-07-18 00:58:26.810  WARN 81572 --- [http-nio-8080-exec-1] .m.m.a.ExceptionHandlerExceptionResolver : Resolved [org.springframework.http.converter.HttpMessageNotReadableException: JSON parse error: Cannot deserialize value of type `java.time.LocalDate` from String "11/06/2011": Failed to deserialize java.time.LocalDate: (java.time.format.DateTimeParseException) Text '11/06/2011' could not be parsed at index 0; nested exception is com.fasterxml.jackson.databind.exc.InvalidFormatException: Cannot deserialize value of type `java.time.LocalDate` from String "11/06/2011": Failed to deserialize java.time.LocalDate: (java.time.format.DateTimeParseException) Text '11/06/2011' could not be parsed at index 0<EOL> at [Source: (org.springframework.util.StreamUtils$NonClosingInputStream); line: 4, column: 23] (through reference chain: com.money.api.model.Lancamento["dataVencimento"])]
2022-07-18 00:58:35.040  WARN 81572 --- [http-nio-8080-exec-4] .m.m.a.ExceptionHandlerExceptionResolver : Resolved [org.springframework.http.converter.HttpMessageNotReadableException: JSON parse error: Cannot deserialize value of type `java.time.LocalDate` from String "11/1/2011": Failed to deserialize java.time.LocalDate: (java.time.format.DateTimeParseException) Text '11/1/2011' could not be parsed at index 0; nested exception is com.fasterxml.jackson.databind.exc.InvalidFormatException: Cannot deserialize value of type `java.time.LocalDate` from String "11/1/2011": Failed to deserialize java.time.LocalDate: (java.time.format.DateTimeParseException) Text '11/1/2011' could not be parsed at index 0<EOL> at [Source: (org.springframework.util.StreamUtils$NonClosingInputStream); line: 4, column: 23] (through reference chain: com.money.api.model.Lancamento["dataVencimento"])]
2022-07-18 01:04:42.693  WARN 81572 --- [http-nio-8080-exec-5] .m.m.a.ExceptionHandlerExceptionResolver : Resolved [org.springframework.http.converter.HttpMessageNotReadableException: JSON parse error: Cannot deserialize value of type `java.time.LocalDate` from String "11/1/2011": Failed to deserialize java.time.LocalDate: (java.time.format.DateTimeParseException) Text '11/1/2011' could not be parsed at index 0; nested exception is com.fasterxml.jackson.databind.exc.InvalidFormatException: Cannot deserialize value of type `java.time.LocalDate` from String "11/1/2011": Failed to deserialize java.time.LocalDate: (java.time.format.DateTimeParseException) Text '11/1/2011' could not be parsed at index 0<EOL> at [Source: (org.springframework.util.StreamUtils$NonClosingInputStream); line: 4, column: 23] (through reference chain: com.money.api.model.Lancamento["dataVencimento"])]
2022-07-18 01:16:52.435  INFO 81572 --- [RMI TCP Connection(42)-127.0.0.1] inMXBeanRegistrar$SpringApplicationAdmin : Application shutdown requested.
2022-07-18 01:16:52.859  INFO 81572 --- [RMI TCP Connection(42)-127.0.0.1] j.LocalContainerEntityManagerFactoryBean : Closing JPA EntityManagerFactory for persistence unit 'default'
2022-07-18 01:16:52.899  INFO 81572 --- [RMI TCP Connection(42)-127.0.0.1] com.zaxxer.hikari.HikariDataSource       : HikariPool-1 - Shutdown initiated...
2022-07-18 01:16:52.987  INFO 81572 --- [RMI TCP Connection(42)-127.0.0.1] com.zaxxer.hikari.HikariDataSource       : HikariPool-1 - Shutdown completed.
